 * ABOUT        XMRig/6.18.0-mo1 gcc/9.3.1
 * LIBS         libuv/1.44.1 OpenSSL/1.1.1o hwloc/2.7.1
 * HUGE PAGES   supported
 * 1GB PAGES    disabled
 * CPU          Intel(R) Xeon(R) CPU @ 2.20GHz (1) 64-bit AES VM
                L2:0.5 MB L3:55.0 MB 2C/4T NUMA:1
 * MEMORY       1.7/15.6 GB (11%)
 * DONATE       0%
 * ASSEMBLY     auto:intel
 * POOL #1      gulf.moneroocean.stream:10032 algo auto
 * COMMANDS     hashrate, pause, resume, results, connection
 * OPENCL       disabled
 * CUDA         disabled
[2022-09-08 11:24:49.097]  config   configuration saved to: "/home/tij/moneroocean/config_background.json"
[2022-09-08 11:24:49.097]  benchmk   STARTING ALGO PERFORMANCE CALIBRATION (with 20 seconds round) 
[2022-09-08 11:24:49.097]  benchmk   Algo ghostrider Preparation 
[2022-09-08 11:24:49.103]  msr      msr kernel module is not available
[2022-09-08 11:24:49.103]  msr      FAILED TO APPLY MSR MOD, HASHRATE WILL BE LOW
[2022-09-08 11:24:51.687]  cpu      use profile  ghostrider  (2 threads) scratchpad 2048 KB
[2022-09-08 11:24:51.874]  cpu      GhostRider algo 1: cn/dark (512 KB)
[2022-09-08 11:24:51.874]  cpu      GhostRider algo 2: cn/fast (2 MB)
[2022-09-08 11:24:51.874]  cpu      GhostRider algo 3: cn/turtle (256 KB)
[2022-09-08 11:24:51.879]  cpu      READY threads 4/4 (16) huge pages 0% 0/16 memory 32768 KB (192 ms)
[2022-09-08 11:24:52.261]  benchmk   Algo ghostrider Starting test 
[2022-09-08 11:25:27.308]  benchmk   Algo ghostrider hashrate: 219.430486 
[2022-09-08 11:25:27.309]  benchmk   Algo cn/r Preparation 
[2022-09-08 11:25:27.382]  cpu      stopped (73 ms)
[2022-09-08 11:25:27.382]  cpu      use profile  cn/2  (4 threads) scratchpad 2048 KB
[2022-09-08 11:25:29.370]  benchmk   Algo cn/r Starting test 
[2022-09-08 11:25:29.679]  cpu      READY threads 4/4 (4) huge pages 0% 0/4 memory 8192 KB (2297 ms)
[2022-09-08 11:25:49.425]  benchmk   Algo cn/r hashrate: 76.295133 
[2022-09-08 11:25:49.425]  benchmk   Algo cn-lite/1 Preparation 
[2022-09-08 11:25:49.452]  cpu      stopped (27 ms)
[2022-09-08 11:25:49.452]  cpu      use profile  cn-lite  (4 threads) scratchpad 1024 KB
[2022-09-08 11:25:49.479]  cpu      READY threads 4/4 (4) huge pages 0% 0/4 memory 4096 KB (26 ms)
[2022-09-08 11:25:49.490]  benchmk   Algo cn-lite/1 Starting test 
[2022-09-08 11:25:51.554]  miner    speed 10s/60s/15m n/a n/a n/a H/s max n/a H/s
[2022-09-08 11:26:09.506]  benchmk   Algo cn-lite/1 hashrate: 299.979044 
[2022-09-08 11:26:09.506]  benchmk   Algo cn-heavy/xhv Preparation 
[2022-09-08 11:26:09.534]  msr      msr kernel module is not available
[2022-09-08 11:26:09.534]  msr      FAILED TO APPLY MSR MOD, HASHRATE WILL BE LOW
[2022-09-08 11:26:09.542]  cpu      stopped (7 ms)
[2022-09-08 11:26:09.542]  cpu      use profile  cn-heavy  (4 threads) scratchpad 4096 KB
[2022-09-08 11:26:09.740]  cpu      READY threads 4/4 (4) huge pages 0% 0/8 memory 16384 KB (197 ms)
[2022-09-08 11:26:09.906]  benchmk   Algo cn-heavy/xhv Starting test 
